0 info it worked if it ends with ok
1 verbose cli [
1 verbose cli   'C:\\Program Files\\nodejs\\node.exe',
1 verbose cli   'C:\\Program Files\\nodejs\\node_modules\\npm\\bin\\npm-cli.js',
1 verbose cli   'start'
1 verbose cli ]
2 info using npm@6.14.12
3 info using node@v14.16.1
4 verbose run-script [ 'prestart', 'start', 'poststart' ]
5 info lifecycle @~prestart: @
6 info lifecycle @~start: @
7 verbose lifecycle @~start: unsafe-perm in lifecycle true
8 verbose lifecycle @~start: PATH: C:\Program Files\nodejs\node_modules\npm\node_modules\npm-lifecycle\node-gyp-bin;C:\Users\Rafael Bortolozo\Desktop\projetoFinal-rn\node_modules\.bin;C:\Program Files\Git\mingw64\bin;C:\Program Files\Git\usr\bin;C:\Users\Rafael Bortolozo\bin;C:\Program Files (x86)\VMware\VMware Player\bin;C:\Python27;C:\Python27\Scripts;C:\Program Files (x86)\Razer\ChromaBroadcast\bin;C:\Program Files\Razer\ChromaBroadcast\bin;C:\Program Files (x86)\Razer Chroma SDK\bin;C:\Program Files\Razer Chroma SDK\bin;C:\Windows\system32;C:\Windows;C:\Windows\System32\Wbem;C:\Windows\System32\WindowsPowerShell\v1.0;C:\Windows\System32\OpenSSH;C:\Program Files (x86)\NVIDIA Corporation\PhysX\Common;C:\Program Files\NVIDIA Corporation\NVIDIA NvDLISR;C:\Users\Rafael Bortolozo\AppData\Local\Microsoft\WindowsApps;C:\php;C:\Program Files\Microsoft VS Code\bin;C:\Program Files\MySQL\MySQL Shell 8.0\bin;C:\Users\Rafael Bortolozo\AppData\Roaming\npm;C:\Users\Rafael Bortolozo\AppData\Local\GitHubDesktop\bin;C:\composer;C:\ProgramData\chocolatey\bin;C:\sqlite3;C:\Program Files\Docker\Docker\resources\bin;C:\ProgramData\DockerDesktop\version-bin;C:\WINDOWS\system32;C:\WINDOWS;C:\WINDOWS\System32\Wbem;C:\WINDOWS\System32\WindowsPowerShell\v1.0;C:\WINDOWS\System32\OpenSSH;C:\Program Files\Java\jdk1.8.0_211\bin;C:\Program Files\OpenJDK\openjdk-8u282-b08\bin;C:\Program Files\nodejs;C:\Users\Rafael Bortolozo\AppData\Local\Android\Sdk\platform-tools;C:\Program Files\Git\cmd;C:\Program Files\MySQL\MySQL Shell 8.0\bin;C:\Users\Rafael Bortolozo\AppData\Local\Microsoft\WindowsApps;C:\Users\Rafael Bortolozo\AppData\Local\GitHubDesktop\bin;C:\composer;C:\Users\Rafael Bortolozo\AppData\Local\Microsoft\WindowsApps;C:\Users\Rafael Bortolozo\AppData\Roaming\npm;C:\Users\Rafael Bortolozo\AppData\Local\Android\Sdk\platform-tools
9 verbose lifecycle @~start: CWD: C:\Users\Rafael Bortolozo\Desktop\projetoFinal-rn
10 silly lifecycle @~start: Args: [ '/d /s /c', 'expo start' ]
11 silly lifecycle @~start: Returned: code: 1  signal: null
12 info lifecycle @~start: Failed to exec start script
13 verbose stack Error: @ start: `expo start`
13 verbose stack Exit status 1
13 verbose stack     at EventEmitter.<anonymous> (C:\Program Files\nodejs\node_modules\npm\node_modules\npm-lifecycle\index.js:332:16)
13 verbose stack     at EventEmitter.emit (events.js:315:20)
13 verbose stack     at ChildProcess.<anonymous> (C:\Program Files\nodejs\node_modules\npm\node_modules\npm-lifecycle\lib\spawn.js:55:14)
13 verbose stack     at ChildProcess.emit (events.js:315:20)
13 verbose stack     at maybeClose (internal/child_process.js:1048:16)
13 verbose stack     at Process.ChildProcess._handle.onexit (internal/child_process.js:288:5)
14 verbose pkgid @
15 verbose cwd C:\Users\Rafael Bortolozo\Desktop\projetoFinal-rn
16 verbose Windows_NT 10.0.19042
17 verbose argv "C:\\Program Files\\nodejs\\node.exe" "C:\\Program Files\\nodejs\\node_modules\\npm\\bin\\npm-cli.js" "start"
18 verbose node v14.16.1
19 verbose npm  v6.14.12
20 error code ELIFECYCLE
21 error errno 1
22 error @ start: `expo start`
22 error Exit status 1
23 error Failed at the @ start script.
23 error This is probably not a problem with npm. There is likely additional logging output above.
24 verbose exit [ 1, true ]
